2021-08-23 11:31:39.595  INFO 1303 --- [main] c.h.a.c.CustomScannersServiceApplication : Starting CustomScannersServiceApplication on PHS017696 with PID 1303 (/Users/pkc17/.vscode/extensions/hcltechnologies.hclappscancodesweep-1.1.4/lib/custom-scanners-service-1.0.11.jar started by pkc17 in /Users/pkc17/MGH/RPDR)
2021-08-23 11:31:39.605  INFO 1303 --- [main] c.h.a.c.CustomScannersServiceApplication : No active profile set, falling back to default profiles: default
2021-08-23 11:31:41.554  INFO 1303 --- [main] o.s.b.w.embedded.tomcat.TomcatWebServer  : Tomcat initialized with port(s): 9221 (http)
2021-08-23 11:31:41.578  INFO 1303 --- [main] o.apache.catalina.core.StandardService   : Starting service [Tomcat]
2021-08-23 11:31:41.578  INFO 1303 --- [main] org.apache.catalina.core.StandardEngine  : Starting Servlet engine: [Apache Tomcat/9.0.29]
2021-08-23 11:31:41.674  INFO 1303 --- [main] o.a.c.c.C.[Tomcat].[localhost].[/]       : Initializing Spring embedded WebApplicationContext
2021-08-23 11:31:41.674 DEBUG 1303 --- [main] o.s.web.context.ContextLoader            : Published root WebApplicationContext as ServletContext attribute with name [org.springframework.web.context.WebApplicationContext.ROOT]
2021-08-23 11:31:41.677  INFO 1303 --- [main] o.s.web.context.ContextLoader            : Root WebApplicationContext: initialization completed in 2007 ms
2021-08-23 11:31:41.842 DEBUG 1303 --- [main] o.s.b.w.s.ServletContextInitializerBeans : Mapping filters: filterRegistrationBean urls=[/*] order=-2147483647, characterEncodingFilter urls=[/*] order=-2147483648, formContentFilter urls=[/*] order=-9900, requestContextFilter urls=[/*] order=-105
2021-08-23 11:31:41.843 DEBUG 1303 --- [main] o.s.b.w.s.ServletContextInitializerBeans : Mapping servlets: dispatcherServlet urls=[/]
2021-08-23 11:31:44.024 DEBUG 1303 --- [main] s.w.s.m.m.a.RequestMappingHandlerMapping : 19 mappings in 'requestMappingHandlerMapping'
2021-08-23 11:31:44.119  INFO 1303 --- [main] o.s.b.a.e.web.EndpointLinksResolver      : Exposing 2 endpoint(s) beneath base path '/actuator'
2021-08-23 11:31:44.257  INFO 1303 --- [main] pertySourcedRequestMappingHandlerMapping : Mapped URL path [/v2/api-docs] onto method [springfox.documentation.swagger2.web.Swagger2Controller#getDocumentation(String, HttpServletRequest)]
2021-08-23 11:31:44.396  INFO 1303 --- [main] o.s.s.concurrent.ThreadPoolTaskExecutor  : Initializing ExecutorService 'applicationTaskExecutor'
2021-08-23 11:31:44.431 DEBUG 1303 --- [main] s.w.s.m.m.a.RequestMappingHandlerAdapter : ControllerAdvice beans: 0 @ModelAttribute, 0 @InitBinder, 1 RequestBodyAdvice, 1 ResponseBodyAdvice
2021-08-23 11:31:44.628 DEBUG 1303 --- [main] o.s.w.s.handler.SimpleUrlHandlerMapping  : Patterns [/webjars/**, /**] in 'resourceHandlerMapping'
2021-08-23 11:31:44.645 DEBUG 1303 --- [main] .m.m.a.ExceptionHandlerExceptionResolver : ControllerAdvice beans: 1 @ExceptionHandler, 1 ResponseBodyAdvice
2021-08-23 11:31:44.771  INFO 1303 --- [main] d.s.w.p.DocumentationPluginsBootstrapper : Context refreshed
2021-08-23 11:31:44.835  INFO 1303 --- [main] d.s.w.p.DocumentationPluginsBootstrapper : Found 1 custom documentation plugin(s)
2021-08-23 11:31:44.932  INFO 1303 --- [main] s.d.s.w.s.ApiListingReferenceScanner     : Scanning for api listing references
2021-08-23 11:31:45.456  INFO 1303 --- [main] o.s.b.w.embedded.tomcat.TomcatWebServer  : Tomcat started on port(s): 9221 (http) with context path ''
2021-08-23 11:31:45.460  INFO 1303 --- [main] c.h.a.c.CustomScannersServiceApplication : Started CustomScannersServiceApplication in 6.414 seconds (JVM running for 7.385)
2021-08-23 11:31:45.572  INFO 1303 --- [http-nio-9221-exec-1] o.a.c.c.C.[Tomcat].[localhost].[/]       : Initializing Spring DispatcherServlet 'dispatcherServlet'
2021-08-23 11:31:45.572  INFO 1303 --- [http-nio-9221-exec-1] o.s.web.servlet.DispatcherServlet        : Initializing Servlet 'dispatcherServlet'
2021-08-23 11:31:45.572 DEBUG 1303 --- [http-nio-9221-exec-1] o.s.web.servlet.DispatcherServlet        : Detected StandardServletMultipartResolver
2021-08-23 11:31:45.582 DEBUG 1303 --- [http-nio-9221-exec-1] o.s.web.servlet.DispatcherServlet        : enableLoggingRequestDetails='false': request parameters and headers will be masked to prevent unsafe logging of potentially sensitive data
2021-08-23 11:31:45.582  INFO 1303 --- [http-nio-9221-exec-1] o.s.web.servlet.DispatcherServlet        : Completed initialization in 10 ms
2021-08-23 11:31:45.595 DEBUG 1303 --- [http-nio-9221-exec-1] o.s.web.servlet.DispatcherServlet        : GET "/v1/scanRules", parameters={}
2021-08-23 11:31:45.606 DEBUG 1303 --- [http-nio-9221-exec-1] s.w.s.m.m.a.RequestMappingHandlerMapping : Mapped to com.hcl.appscan.customscannersservice.controller.CustomScannersController#getScanRules(String[])
2021-08-23 11:31:45.641 DEBUG 1303 --- [http-nio-9221-exec-1] o.s.w.s.m.m.a.HttpEntityMethodProcessor  : Using 'application/json', given [application/json] and supported [application/json]
2021-08-23 11:31:45.653 DEBUG 1303 --- [http-nio-9221-exec-1] o.s.w.s.m.m.a.HttpEntityMethodProcessor  : Writing [{Golang={com.ouncelabs.languagelite.golang.rules.CommMisconfig=CustomScannersServiceScanRule{ruleNam (truncated)...]
2021-08-23 11:31:45.718 DEBUG 1303 --- [http-nio-9221-exec-1] o.s.web.servlet.DispatcherServlet        : Completed 200 OK
2021-08-23 13:49:14.463  INFO 5478 --- [main] c.h.a.c.CustomScannersServiceApplication : Starting CustomScannersServiceApplication on PHS017696 with PID 5478 (/Users/pkc17/.vscode/extensions/hcltechnologies.hclappscancodesweep-1.1.4/lib/custom-scanners-service-1.0.11.jar started by pkc17 in /Users/pkc17/MGH/RPDR)
2021-08-23 13:49:14.467  INFO 5478 --- [main] c.h.a.c.CustomScannersServiceApplication : No active profile set, falling back to default profiles: default
2021-08-23 13:49:16.412  INFO 5478 --- [main] o.s.b.w.embedded.tomcat.TomcatWebServer  : Tomcat initialized with port(s): 9221 (http)
2021-08-23 13:49:16.422  INFO 5478 --- [main] o.apache.catalina.core.StandardService   : Starting service [Tomcat]
2021-08-23 13:49:16.423  INFO 5478 --- [main] org.apache.catalina.core.StandardEngine  : Starting Servlet engine: [Apache Tomcat/9.0.29]
2021-08-23 13:49:16.480  INFO 5478 --- [main] o.a.c.c.C.[Tomcat].[localhost].[/]       : Initializing Spring embedded WebApplicationContext
2021-08-23 13:49:16.480 DEBUG 5478 --- [main] o.s.web.context.ContextLoader            : Published root WebApplicationContext as ServletContext attribute with name [org.springframework.web.context.WebApplicationContext.ROOT]
2021-08-23 13:49:16.480  INFO 5478 --- [main] o.s.web.context.ContextLoader            : Root WebApplicationContext: initialization completed in 1951 ms
2021-08-23 13:49:16.591 DEBUG 5478 --- [main] o.s.b.w.s.ServletContextInitializerBeans : Mapping filters: filterRegistrationBean urls=[/*] order=-2147483647, characterEncodingFilter urls=[/*] order=-2147483648, formContentFilter urls=[/*] order=-9900, requestContextFilter urls=[/*] order=-105
2021-08-23 13:49:16.591 DEBUG 5478 --- [main] o.s.b.w.s.ServletContextInitializerBeans : Mapping servlets: dispatcherServlet urls=[/]
2021-08-23 13:49:17.682 DEBUG 5478 --- [main] s.w.s.m.m.a.RequestMappingHandlerMapping : 19 mappings in 'requestMappingHandlerMapping'
2021-08-23 13:49:17.726  INFO 5478 --- [main] o.s.b.a.e.web.EndpointLinksResolver      : Exposing 2 endpoint(s) beneath base path '/actuator'
2021-08-23 13:49:17.796  INFO 5478 --- [main] pertySourcedRequestMappingHandlerMapping : Mapped URL path [/v2/api-docs] onto method [springfox.documentation.swagger2.web.Swagger2Controller#getDocumentation(String, HttpServletRequest)]
2021-08-23 13:49:17.887  INFO 5478 --- [main] o.s.s.concurrent.ThreadPoolTaskExecutor  : Initializing ExecutorService 'applicationTaskExecutor'
2021-08-23 13:49:17.912 DEBUG 5478 --- [main] s.w.s.m.m.a.RequestMappingHandlerAdapter : ControllerAdvice beans: 0 @ModelAttribute, 0 @InitBinder, 1 RequestBodyAdvice, 1 ResponseBodyAdvice
2021-08-23 13:49:18.062 DEBUG 5478 --- [main] o.s.w.s.handler.SimpleUrlHandlerMapping  : Patterns [/webjars/**, /**] in 'resourceHandlerMapping'
2021-08-23 13:49:18.071 DEBUG 5478 --- [main] .m.m.a.ExceptionHandlerExceptionResolver : ControllerAdvice beans: 1 @ExceptionHandler, 1 ResponseBodyAdvice
2021-08-23 13:49:18.131  INFO 5478 --- [main] d.s.w.p.DocumentationPluginsBootstrapper : Context refreshed
2021-08-23 13:49:18.162  INFO 5478 --- [main] d.s.w.p.DocumentationPluginsBootstrapper : Found 1 custom documentation plugin(s)
2021-08-23 13:49:18.206  INFO 5478 --- [main] s.d.s.w.s.ApiListingReferenceScanner     : Scanning for api listing references
2021-08-23 13:49:18.500  INFO 5478 --- [main] o.s.b.w.embedded.tomcat.TomcatWebServer  : Tomcat started on port(s): 9221 (http) with context path ''
2021-08-23 13:49:18.503  INFO 5478 --- [main] c.h.a.c.CustomScannersServiceApplication : Started CustomScannersServiceApplication in 4.73 seconds (JVM running for 5.492)
2021-08-23 13:49:18.576  INFO 5478 --- [http-nio-9221-exec-1] o.a.c.c.C.[Tomcat].[localhost].[/]       : Initializing Spring DispatcherServlet 'dispatcherServlet'
2021-08-23 13:49:18.576  INFO 5478 --- [http-nio-9221-exec-1] o.s.web.servlet.DispatcherServlet        : Initializing Servlet 'dispatcherServlet'
2021-08-23 13:49:18.576 DEBUG 5478 --- [http-nio-9221-exec-1] o.s.web.servlet.DispatcherServlet        : Detected StandardServletMultipartResolver
2021-08-23 13:49:18.582 DEBUG 5478 --- [http-nio-9221-exec-1] o.s.web.servlet.DispatcherServlet        : enableLoggingRequestDetails='false': request parameters and headers will be masked to prevent unsafe logging of potentially sensitive data
2021-08-23 13:49:18.582  INFO 5478 --- [http-nio-9221-exec-1] o.s.web.servlet.DispatcherServlet        : Completed initialization in 6 ms
2021-08-23 13:49:18.592 DEBUG 5478 --- [http-nio-9221-exec-1] o.s.web.servlet.DispatcherServlet        : GET "/v1/scanRules", parameters={}
2021-08-23 13:49:18.598 DEBUG 5478 --- [http-nio-9221-exec-1] s.w.s.m.m.a.RequestMappingHandlerMapping : Mapped to com.hcl.appscan.customscannersservice.controller.CustomScannersController#getScanRules(String[])
2021-08-23 13:49:18.621 DEBUG 5478 --- [http-nio-9221-exec-1] o.s.w.s.m.m.a.HttpEntityMethodProcessor  : Using 'application/json', given [application/json] and supported [application/json]
2021-08-23 13:49:18.629 DEBUG 5478 --- [http-nio-9221-exec-1] o.s.w.s.m.m.a.HttpEntityMethodProcessor  : Writing [{Golang={com.ouncelabs.languagelite.golang.rules.CommMisconfig=CustomScannersServiceScanRule{ruleNam (truncated)...]
2021-08-23 13:49:18.667 DEBUG 5478 --- [http-nio-9221-exec-1] o.s.web.servlet.DispatcherServlet        : Completed 200 OK
